{"E:\\Development\\calcorp\\src\\content\\grants\\services-data.js": {"path":"E:\\Development\\calcorp\\src\\content\\grants\\services-data.js","statementMap":{"0":{"start":{"line":1,"column":30},"end":{"line":240,"column":1}},"1":{"start":{"line":242,"column":30},"end":{"line":260,"column":1}}},"fnMap":{},"branchMap":{},"s":{"0":2,"1":2},"f":{},"b":{},"meta":{"lastBranch":0,"lastFunction":0,"lastStatement":2,"seen":{"s:1:30:240:1":0,"s:242:30:260:1":1}}}
,"E:\\Development\\calcorp\\src\\utils\\all.js": {"path":"E:\\Development\\calcorp\\src\\utils\\all.js","statementMap":{"0":{"start":{"line":2,"column":32},"end":{"line":9,"column":8}},"1":{"start":{"line":3,"column":2},"end":{"line":9,"column":8}}},"fnMap":{"0":{"name":"(anonymous_0)","decl":{"start":{"line":2,"column":32},"end":{"line":2,"column":33}},"loc":{"start":{"line":3,"column":2},"end":{"line":9,"column":8}},"line":3}},"branchMap":{"0":{"loc":{"start":{"line":3,"column":2},"end":{"line":9,"column":8}},"type":"cond-expr","locations":[{"start":{"line":4,"column":6},"end":{"line":8,"column":8}},{"start":{"line":9,"column":6},"end":{"line":9,"column":8}}],"line":3}},"s":{"0":1,"1":8},"f":{"0":8},"b":{"0":[5,3]},"meta":{"lastBranch":1,"lastFunction":1,"lastStatement":2,"seen":{"s:2:32:9:8":0,"f:2:32:2:33":0,"s:3:2:9:8":1,"b:4:6:8:8:9:6:9:8":0}}}
,"E:\\Development\\calcorp\\src\\utils\\grants.js": {"path":"E:\\Development\\calcorp\\src\\utils\\grants.js","statementMap":{"0":{"start":{"line":6,"column":19},"end":{"line":9,"column":2}},"1":{"start":{"line":13,"column":2},"end":{"line":13,"column":43}},"2":{"start":{"line":21,"column":2},"end":{"line":21,"column":39}},"3":{"start":{"line":29,"column":2},"end":{"line":29,"column":37}},"4":{"start":{"line":40,"column":18},"end":{"line":40,"column":19}},"5":{"start":{"line":41,"column":21},"end":{"line":41,"column":22}},"6":{"start":{"line":43,"column":2},"end":{"line":53,"column":3}},"7":{"start":{"line":44,"column":4},"end":{"line":52,"column":5}},"8":{"start":{"line":45,"column":22},"end":{"line":49,"column":7}},"9":{"start":{"line":50,"column":6},"end":{"line":50,"column":36}},"10":{"start":{"line":51,"column":6},"end":{"line":51,"column":30}},"11":{"start":{"line":55,"column":2},"end":{"line":59,"column":4}}},"fnMap":{"0":{"name":"formatEur","decl":{"start":{"line":12,"column":16},"end":{"line":12,"column":25}},"loc":{"start":{"line":12,"column":33},"end":{"line":14,"column":1}},"line":12},"1":{"name":"calculateSubsidy","decl":{"start":{"line":20,"column":16},"end":{"line":20,"column":32}},"loc":{"start":{"line":20,"column":53},"end":{"line":22,"column":1}},"line":20},"2":{"name":"calculateFinalCost","decl":{"start":{"line":28,"column":16},"end":{"line":28,"column":34}},"loc":{"start":{"line":28,"column":50},"end":{"line":30,"column":1}},"line":28},"3":{"name":"calculateTotals","decl":{"start":{"line":39,"column":16},"end":{"line":39,"column":31}},"loc":{"start":{"line":39,"column":55},"end":{"line":60,"column":1}},"line":39}},"branchMap":{"0":{"loc":{"start":{"line":44,"column":4},"end":{"line":52,"column":5}},"type":"if","locations":[{"start":{"line":44,"column":4},"end":{"line":52,"column":5}},{"start":{},"end":{}}],"line":44}},"s":{"0":1,"1":5,"2":26,"3":15,"4":11,"5":11,"6":11,"7":66,"8":20,"9":20,"10":20,"11":11},"f":{"0":5,"1":26,"2":15,"3":11},"b":{"0":[20,46]},"meta":{"lastBranch":1,"lastFunction":4,"lastStatement":12,"seen":{"s:6:19:9:2":0,"f:12:16:12:25":0,"s:13:2:13:43":1,"f:20:16:20:32":1,"s:21:2:21:39":2,"f:28:16:28:34":2,"s:29:2:29:37":3,"f:39:16:39:31":3,"s:40:18:40:19":4,"s:41:21:41:22":5,"s:43:2:53:3":6,"b:44:4:52:5:undefined:undefined:undefined:undefined":0,"s:44:4:52:5":7,"s:45:22:49:7":8,"s:50:6:50:36":9,"s:51:6:51:30":10,"s:55:2:59:4":11}}}
}
